Analysis & Synthesis report for Pong
Thu Nov 13 13:44:12 2014
Quartus II 64-Bit Version 13.0.0 Build 156 04/24/2013 SJ Web Edition


---------------------
; Table of Contents ;
---------------------
  1. Legal Notice
  2. Analysis & Synthesis Summary
  3. Analysis & Synthesis Settings
  4. Parallel Compilation
  5. Analysis & Synthesis Source Files Read
  6. Analysis & Synthesis Resource Usage Summary
  7. Analysis & Synthesis Resource Utilization by Entity
  8. General Register Statistics
  9. Multiplexer Restructuring Statistics (Restructuring Performed)
 10. Port Connectivity Checks: "pong:p1"
 11. Elapsed Time Per Partition
 12. Analysis & Synthesis Messages
 13. Analysis & Synthesis Suppressed Messages



----------------
; Legal Notice ;
----------------
Copyright (C) 1991-2013 Altera Corporation
Your use of Altera Corporation's design tools, logic functions 
and other software and tools, and its AMPP partner logic 
functions, and any output files from any of the foregoing 
(including device programming or simulation files), and any 
associated documentation or information are expressly subject 
to the terms and conditions of the Altera Program License 
Subscription Agreement, Altera MegaCore Function License 
Agreement, or other applicable license agreement, including, 
without limitation, that your use is for the sole purpose of 
programming logic devices manufactured by Altera and sold by 
Altera or its authorized distributors.  Please refer to the 
applicable agreement for further details.



+---------------------------------------------------------------------------------+
; Analysis & Synthesis Summary                                                    ;
+------------------------------------+--------------------------------------------+
; Analysis & Synthesis Status        ; Successful - Thu Nov 13 13:44:11 2014      ;
; Quartus II 64-Bit Version          ; 13.0.0 Build 156 04/24/2013 SJ Web Edition ;
; Revision Name                      ; Pong                                       ;
; Top-level Entity Name              ; Pong                                       ;
; Family                             ; Cyclone II                                 ;
; Total logic elements               ; 197                                        ;
;     Total combinational functions  ; 190                                        ;
;     Dedicated logic registers      ; 68                                         ;
; Total registers                    ; 68                                         ;
; Total pins                         ; 230                                        ;
; Total virtual pins                 ; 0                                          ;
; Total memory bits                  ; 0                                          ;
; Embedded Multiplier 9-bit elements ; 0                                          ;
; Total PLLs                         ; 0                                          ;
+------------------------------------+--------------------------------------------+


+----------------------------------------------------------------------------------------------------------------------+
; Analysis & Synthesis Settings                                                                                        ;
+----------------------------------------------------------------------------+--------------------+--------------------+
; Option                                                                     ; Setting            ; Default Value      ;
+----------------------------------------------------------------------------+--------------------+--------------------+
; Device                                                                     ; EP2C35F672C6       ;                    ;
; Top-level entity name                                                      ; Pong               ; Pong               ;
; Family name                                                                ; Cyclone II         ; Cyclone IV GX      ;
; Use smart compilation                                                      ; Off                ; Off                ;
; Enable parallel Assembler and TimeQuest Timing Analyzer during compilation ; On                 ; On                 ;
; Enable compact report table                                                ; Off                ; Off                ;
; Restructure Multiplexers                                                   ; Auto               ; Auto               ;
; Create Debugging Nodes for IP Cores                                        ; Off                ; Off                ;
; Preserve fewer node names                                                  ; On                 ; On                 ;
; Disable OpenCore Plus hardware evaluation                                  ; Off                ; Off                ;
; Verilog Version                                                            ; Verilog_2001       ; Verilog_2001       ;
; VHDL Version                                                               ; VHDL_1993          ; VHDL_1993          ;
; State Machine Processing                                                   ; Auto               ; Auto               ;
; Safe State Machine                                                         ; Off                ; Off                ;
; Extract Verilog State Machines                                             ; On                 ; On                 ;
; Extract VHDL State Machines                                                ; On                 ; On                 ;
; Ignore Verilog initial constructs                                          ; Off                ; Off                ;
; Iteration limit for constant Verilog loops                                 ; 5000               ; 5000               ;
; Iteration limit for non-constant Verilog loops                             ; 250                ; 250                ;
; Add Pass-Through Logic to Inferred RAMs                                    ; On                 ; On                 ;
; Infer RAMs from Raw Logic                                                  ; On                 ; On                 ;
; Parallel Synthesis                                                         ; On                 ; On                 ;
; DSP Block Balancing                                                        ; Auto               ; Auto               ;
; NOT Gate Push-Back                                                         ; On                 ; On                 ;
; Power-Up Don't Care                                                        ; On                 ; On                 ;
; Remove Redundant Logic Cells                                               ; Off                ; Off                ;
; Remove Duplicate Registers                                                 ; On                 ; On                 ;
; Ignore CARRY Buffers                                                       ; Off                ; Off                ;
; Ignore CASCADE Buffers                                                     ; Off                ; Off                ;
; Ignore GLOBAL Buffers                                                      ; Off                ; Off                ;
; Ignore ROW GLOBAL Buffers                                                  ; Off                ; Off                ;
; Ignore LCELL Buffers                                                       ; Off                ; Off                ;
; Ignore SOFT Buffers                                                        ; On                 ; On                 ;
; Limit AHDL Integers to 32 Bits                                             ; Off                ; Off                ;
; Optimization Technique                                                     ; Balanced           ; Balanced           ;
; Carry Chain Length                                                         ; 70                 ; 70                 ;
; Auto Carry Chains                                                          ; On                 ; On                 ;
; Auto Open-Drain Pins                                                       ; On                 ; On                 ;
; Perform WYSIWYG Primitive Resynthesis                                      ; Off                ; Off                ;
; Auto ROM Replacement                                                       ; On                 ; On                 ;
; Auto RAM Replacement                                                       ; On                 ; On                 ;
; Auto Shift Register Replacement                                            ; Auto               ; Auto               ;
; Allow Shift Register Merging across Hierarchies                            ; Auto               ; Auto               ;
; Auto Clock Enable Replacement                                              ; On                 ; On                 ;
; Strict RAM Replacement                                                     ; Off                ; Off                ;
; Allow Synchronous Control Signals                                          ; On                 ; On                 ;
; Force Use of Synchronous Clear Signals                                     ; Off                ; Off                ;
; Auto RAM to Logic Cell Conversion                                          ; Off                ; Off                ;
; Auto Resource Sharing                                                      ; Off                ; Off                ;
; Allow Any RAM Size For Recognition                                         ; Off                ; Off                ;
; Allow Any ROM Size For Recognition                                         ; Off                ; Off                ;
; Allow Any Shift Register Size For Recognition                              ; Off                ; Off                ;
; Use LogicLock Constraints during Resource Balancing                        ; On                 ; On                 ;
; Ignore translate_off and synthesis_off directives                          ; Off                ; Off                ;
; Timing-Driven Synthesis                                                    ; Off                ; Off                ;
; Report Parameter Settings                                                  ; On                 ; On                 ;
; Report Source Assignments                                                  ; On                 ; On                 ;
; Report Connectivity Checks                                                 ; On                 ; On                 ;
; Ignore Maximum Fan-Out Assignments                                         ; Off                ; Off                ;
; Synchronization Register Chain Length                                      ; 2                  ; 2                  ;
; PowerPlay Power Optimization                                               ; Normal compilation ; Normal compilation ;
; HDL message level                                                          ; Level2             ; Level2             ;
; Suppress Register Optimization Related Messages                            ; Off                ; Off                ;
; Number of Removed Registers Reported in Synthesis Report                   ; 5000               ; 5000               ;
; Number of Swept Nodes Reported in Synthesis Report                         ; 5000               ; 5000               ;
; Number of Inverted Registers Reported in Synthesis Report                  ; 100                ; 100                ;
; Clock MUX Protection                                                       ; On                 ; On                 ;
; Auto Gated Clock Conversion                                                ; Off                ; Off                ;
; Block Design Naming                                                        ; Auto               ; Auto               ;
; SDC constraint protection                                                  ; Off                ; Off                ;
; Synthesis Effort                                                           ; Auto               ; Auto               ;
; Shift Register Replacement - Allow Asynchronous Clear Signal               ; On                 ; On                 ;
; Pre-Mapping Resynthesis Optimization                                       ; Off                ; Off                ;
; Analysis & Synthesis Message Level                                         ; Medium             ; Medium             ;
; Disable Register Merging Across Hierarchies                                ; Auto               ; Auto               ;
; Resource Aware Inference For Block RAM                                     ; On                 ; On                 ;
; Synthesis Seed                                                             ; 1                  ; 1                  ;
+----------------------------------------------------------------------------+--------------------+--------------------+


Parallel compilation was disabled, but you have multiple processors available. Enable parallel compilation to reduce compilation time.
+-------------------------------------+
; Parallel Compilation                ;
+----------------------------+--------+
; Processors                 ; Number ;
+----------------------------+--------+
; Number detected on machine ; 8      ;
; Maximum allowed            ; 1      ;
+----------------------------+--------+


+------------------------------------------------------------------------------------------------------------------------------------------------------------------------------------------------+
; Analysis & Synthesis Source Files Read                                                                                                                                                         ;
+----------------------------------------+-----------------+------------------------+--------------------------------------------------------------------------------------------------+---------+
; File Name with User-Entered Path       ; Used in Netlist ; File Type              ; File Name with Absolute Path                                                                     ; Library ;
+----------------------------------------+-----------------+------------------------+--------------------------------------------------------------------------------------------------+---------+
; ../pong/pong.v                         ; yes             ; User Verilog HDL File  ; C:/Yanqi/University/3rd Year/Fall/CSC258/Quartus II Projects/pong/pong.v                         ;         ;
; ../hvsync_generator/hvsync_generator.v ; yes             ; User Verilog HDL File  ; C:/Yanqi/University/3rd Year/Fall/CSC258/Quartus II Projects/hvsync_generator/hvsync_generator.v ;         ;
; Pong.v                                 ; yes             ; User Verilog HDL File  ; C:/Yanqi/University/3rd Year/Fall/CSC258/Quartus II Projects/Project/Pong.v                      ;         ;
+----------------------------------------+-----------------+------------------------+--------------------------------------------------------------------------------------------------+---------+


+--------------------------------------------------------+
; Analysis & Synthesis Resource Usage Summary            ;
+---------------------------------------------+----------+
; Resource                                    ; Usage    ;
+---------------------------------------------+----------+
; Estimated Total logic elements              ; 197      ;
;                                             ;          ;
; Total combinational functions               ; 190      ;
; Logic element usage by number of LUT inputs ;          ;
;     -- 4 input functions                    ; 57       ;
;     -- 3 input functions                    ; 62       ;
;     -- <=2 input functions                  ; 71       ;
;                                             ;          ;
; Logic elements by mode                      ;          ;
;     -- normal mode                          ; 100      ;
;     -- arithmetic mode                      ; 90       ;
;                                             ;          ;
; Total registers                             ; 68       ;
;     -- Dedicated logic registers            ; 68       ;
;     -- I/O registers                        ; 0        ;
;                                             ;          ;
; I/O pins                                    ; 230      ;
; Embedded Multiplier 9-bit elements          ; 0        ;
; Maximum fan-out node                        ; CLOCK_50 ;
; Maximum fan-out                             ; 68       ;
; Total fan-out                               ; 719      ;
; Average fan-out                             ; 1.47     ;
+---------------------------------------------+----------+


+------------------------------------------------------------------------------------------------------------------------------------------------------------------------------------------------------+
; Analysis & Synthesis Resource Utilization by Entity                                                                                                                                                  ;
+----------------------------------+-------------------+--------------+-------------+--------------+---------+-----------+------+--------------+----------------------------------------+--------------+
; Compilation Hierarchy Node       ; LC Combinationals ; LC Registers ; Memory Bits ; DSP Elements ; DSP 9x9 ; DSP 18x18 ; Pins ; Virtual Pins ; Full Hierarchy Name                    ; Library Name ;
+----------------------------------+-------------------+--------------+-------------+--------------+---------+-----------+------+--------------+----------------------------------------+--------------+
; |Pong                            ; 190 (0)           ; 68 (0)       ; 0           ; 0            ; 0       ; 0         ; 230  ; 0            ; |Pong                                  ;              ;
;    |pong:p1|                     ; 190 (160)         ; 68 (46)      ; 0           ; 0            ; 0       ; 0         ; 0    ; 0            ; |Pong|pong:p1                          ;              ;
;       |hvsync_generator:syncgen| ; 30 (30)           ; 22 (22)      ; 0           ; 0            ; 0       ; 0         ; 0    ; 0            ; |Pong|pong:p1|hvsync_generator:syncgen ;              ;
+----------------------------------+-------------------+--------------+-------------+--------------+---------+-----------+------+--------------+----------------------------------------+--------------+
Note: For table entries with two numbers listed, the numbers in parentheses indicate the number of resources of the given type used by the specific entity alone. The numbers listed outside of parentheses indicate the total resources of the given type used by the specific entity and all of its sub-entities in the hierarchy.


+------------------------------------------------------+
; General Register Statistics                          ;
+----------------------------------------------+-------+
; Statistic                                    ; Value ;
+----------------------------------------------+-------+
; Total registers                              ; 68    ;
; Number of registers using Synchronous Clear  ; 0     ;
; Number of registers using Synchronous Load   ; 0     ;
; Number of registers using Asynchronous Clear ; 0     ;
; Number of registers using Asynchronous Load  ; 0     ;
; Number of registers using Clock Enable       ; 38    ;
; Number of registers using Preset             ; 0     ;
+----------------------------------------------+-------+


+-----------------------------------------------------------------------------------------------------------------------------------------------+
; Multiplexer Restructuring Statistics (Restructuring Performed)                                                                                ;
+--------------------+-----------+---------------+----------------------+------------------------+------------+---------------------------------+
; Multiplexer Inputs ; Bus Width ; Baseline Area ; Area if Restructured ; Saving if Restructured ; Registered ; Example Multiplexer Output      ;
+--------------------+-----------+---------------+----------------------+------------------------+------------+---------------------------------+
; 4:1                ; 9 bits    ; 18 LEs        ; 0 LEs                ; 18 LEs                 ; Yes        ; |Pong|pong:p1|PaddlePosition[4] ;
+--------------------+-----------+---------------+----------------------+------------------------+------------+---------------------------------+


+----------------------------------------------------------------------------------------------------------------------------------------------------------------------------------------------------+
; Port Connectivity Checks: "pong:p1"                                                                                                                                                                ;
+-------+--------+----------+------------------------------------------------------------------------------------------------------------------------------------------------------------------------+
; Port  ; Type   ; Severity ; Details                                                                                                                                                                ;
+-------+--------+----------+------------------------------------------------------------------------------------------------------------------------------------------------------------------------+
; vga_R ; Output ; Warning  ; Output or bidir port (1 bits) is smaller than the port expression (10 bits) it drives.  The 9 most-significant bit(s) in the port expression will be connected to GND. ;
; vga_G ; Output ; Warning  ; Output or bidir port (1 bits) is smaller than the port expression (10 bits) it drives.  The 9 most-significant bit(s) in the port expression will be connected to GND. ;
; vga_B ; Output ; Warning  ; Output or bidir port (1 bits) is smaller than the port expression (10 bits) it drives.  The 9 most-significant bit(s) in the port expression will be connected to GND. ;
+-------+--------+----------+------------------------------------------------------------------------------------------------------------------------------------------------------------------------+


+-------------------------------+
; Elapsed Time Per Partition    ;
+----------------+--------------+
; Partition Name ; Elapsed Time ;
+----------------+--------------+
; Top            ; 00:00:01     ;
+----------------+--------------+


+-------------------------------+
; Analysis & Synthesis Messages ;
+-------------------------------+
Info: *******************************************************************
Info: Running Quartus II 64-Bit Analysis & Synthesis
    Info: Version 13.0.0 Build 156 04/24/2013 SJ Web Edition
    Info: Processing started: Thu Nov 13 13:44:07 2014
Info: Command: quartus_map --read_settings_files=on --write_settings_files=off Pong -c Pong
Warning (20028): Parallel compilation is not licensed and has been disabled
Info (12021): Found 1 design units, including 1 entities, in source file /yanqi/university/3rd year/fall/csc258/quartus ii projects/lab6/ps2lab1/ps2lab1/ps2lab1.v
    Info (12023): Found entity 1: ps2lab1
Info (12021): Found 1 design units, including 1 entities, in source file /yanqi/university/3rd year/fall/csc258/quartus ii projects/lab6/ps2lab1/ps2lab1/oneshot.v
    Info (12023): Found entity 1: oneshot
Info (12021): Found 1 design units, including 1 entities, in source file /yanqi/university/3rd year/fall/csc258/quartus ii projects/lab6/ps2lab1/ps2lab1/keyboard.v
    Info (12023): Found entity 1: keyboard
Info (12021): Found 1 design units, including 1 entities, in source file /yanqi/university/3rd year/fall/csc258/quartus ii projects/lab6/ps2lab1/ps2lab1/hex_7seg.v
    Info (12023): Found entity 1: hex_7seg
Info (12021): Found 1 design units, including 1 entities, in source file /yanqi/university/3rd year/fall/csc258/quartus ii projects/pong/pong.v
    Info (12023): Found entity 1: pong
Info (12021): Found 1 design units, including 1 entities, in source file /yanqi/university/3rd year/fall/csc258/quartus ii projects/hvsync_generator/hvsync_generator.v
    Info (12023): Found entity 1: hvsync_generator
Info (12021): Found 1 design units, including 1 entities, in source file pong.v
    Info (12023): Found entity 1: Pong
Info (12127): Elaborating entity "Pong" for the top level hierarchy
Warning (10034): Output port "HEX0" at Pong.v(9) has no driver
Warning (10034): Output port "HEX1" at Pong.v(9) has no driver
Warning (10034): Output port "HEX2" at Pong.v(9) has no driver
Warning (10034): Output port "HEX3" at Pong.v(9) has no driver
Warning (10034): Output port "HEX4" at Pong.v(9) has no driver
Warning (10034): Output port "HEX5" at Pong.v(9) has no driver
Warning (10034): Output port "HEX6" at Pong.v(9) has no driver
Warning (10034): Output port "HEX7" at Pong.v(9) has no driver
Warning (10034): Output port "LEDG" at Pong.v(11) has no driver
Warning (10034): Output port "LEDR" at Pong.v(12) has no driver
Warning (10034): Output port "LCD_ON" at Pong.v(16) has no driver
Warning (10034): Output port "LCD_BLON" at Pong.v(17) has no driver
Warning (10034): Output port "LCD_RW" at Pong.v(18) has no driver
Warning (10034): Output port "LCD_EN" at Pong.v(19) has no driver
Warning (10034): Output port "LCD_RS" at Pong.v(20) has no driver
Warning (10034): Output port "TD_RESET" at Pong.v(28) has no driver
Warning (10034): Output port "VGA_CLK" at Pong.v(30) has no driver
Warning (10034): Output port "VGA_BLANK" at Pong.v(33) has no driver
Warning (10034): Output port "VGA_SYNC" at Pong.v(34) has no driver
Info (12128): Elaborating entity "pong" for hierarchy "pong:p1"
Warning (10230): Verilog HDL assignment warning at pong.v(28): truncated value with size 32 to match size of target (9)
Warning (10230): Verilog HDL assignment warning at pong.v(33): truncated value with size 32 to match size of target (9)
Warning (10230): Verilog HDL assignment warning at pong.v(75): truncated value with size 32 to match size of target (10)
Warning (10230): Verilog HDL assignment warning at pong.v(81): truncated value with size 32 to match size of target (9)
Info (12128): Elaborating entity "hvsync_generator" for hierarchy "pong:p1|hvsync_generator:syncgen"
Warning (10230): Verilog HDL assignment warning at hvsync_generator.v(17): truncated value with size 32 to match size of target (10)
Warning (10230): Verilog HDL assignment warning at hvsync_generator.v(20): truncated value with size 32 to match size of target (9)
Warning (12241): 1 hierarchies have connectivity warnings - see the Connectivity Checks report folder
Warning (13039): The following bidir pins have no drivers
    Warning (13040): Bidir "LCD_DATA[0]" has no driver
    Warning (13040): Bidir "LCD_DATA[1]" has no driver
    Warning (13040): Bidir "LCD_DATA[2]" has no driver
    Warning (13040): Bidir "LCD_DATA[3]" has no driver
    Warning (13040): Bidir "LCD_DATA[4]" has no driver
    Warning (13040): Bidir "LCD_DATA[5]" has no driver
    Warning (13040): Bidir "LCD_DATA[6]" has no driver
    Warning (13040): Bidir "LCD_DATA[7]" has no driver
    Warning (13040): Bidir "GPIO_0[0]" has no driver
    Warning (13040): Bidir "GPIO_0[1]" has no driver
    Warning (13040): Bidir "GPIO_0[2]" has no driver
    Warning (13040): Bidir "GPIO_0[3]" has no driver
    Warning (13040): Bidir "GPIO_0[4]" has no driver
    Warning (13040): Bidir "GPIO_0[5]" has no driver
    Warning (13040): Bidir "GPIO_0[6]" has no driver
    Warning (13040): Bidir "GPIO_0[7]" has no driver
    Warning (13040): Bidir "GPIO_0[8]" has no driver
    Warning (13040): Bidir "GPIO_0[9]" has no driver
    Warning (13040): Bidir "GPIO_0[10]" has no driver
    Warning (13040): Bidir "GPIO_0[11]" has no driver
    Warning (13040): Bidir "GPIO_0[12]" has no driver
    Warning (13040): Bidir "GPIO_0[13]" has no driver
    Warning (13040): Bidir "GPIO_0[14]" has no driver
    Warning (13040): Bidir "GPIO_0[15]" has no driver
    Warning (13040): Bidir "GPIO_0[16]" has no driver
    Warning (13040): Bidir "GPIO_0[17]" has no driver
    Warning (13040): Bidir "GPIO_0[18]" has no driver
    Warning (13040): Bidir "GPIO_0[19]" has no driver
    Warning (13040): Bidir "GPIO_0[20]" has no driver
    Warning (13040): Bidir "GPIO_0[21]" has no driver
    Warning (13040): Bidir "GPIO_0[22]" has no driver
    Warning (13040): Bidir "GPIO_0[23]" has no driver
    Warning (13040): Bidir "GPIO_0[24]" has no driver
    Warning (13040): Bidir "GPIO_0[25]" has no driver
    Warning (13040): Bidir "GPIO_0[26]" has no driver
    Warning (13040): Bidir "GPIO_0[27]" has no driver
    Warning (13040): Bidir "GPIO_0[28]" has no driver
    Warning (13040): Bidir "GPIO_0[29]" has no driver
    Warning (13040): Bidir "GPIO_0[30]" has no driver
    Warning (13040): Bidir "GPIO_0[31]" has no driver
    Warning (13040): Bidir "GPIO_0[32]" has no driver
    Warning (13040): Bidir "GPIO_0[33]" has no driver
    Warning (13040): Bidir "GPIO_0[34]" has no driver
    Warning (13040): Bidir "GPIO_0[35]" has no driver
    Warning (13040): Bidir "GPIO_1[0]" has no driver
    Warning (13040): Bidir "GPIO_1[1]" has no driver
    Warning (13040): Bidir "GPIO_1[2]" has no driver
    Warning (13040): Bidir "GPIO_1[3]" has no driver
    Warning (13040): Bidir "GPIO_1[4]" has no driver
    Warning (13040): Bidir "GPIO_1[5]" has no driver
    Warning (13040): Bidir "GPIO_1[6]" has no driver
    Warning (13040): Bidir "GPIO_1[7]" has no driver
    Warning (13040): Bidir "GPIO_1[8]" has no driver
    Warning (13040): Bidir "GPIO_1[9]" has no driver
    Warning (13040): Bidir "GPIO_1[10]" has no driver
    Warning (13040): Bidir "GPIO_1[11]" has no driver
    Warning (13040): Bidir "GPIO_1[12]" has no driver
    Warning (13040): Bidir "GPIO_1[13]" has no driver
    Warning (13040): Bidir "GPIO_1[14]" has no driver
    Warning (13040): Bidir "GPIO_1[15]" has no driver
    Warning (13040): Bidir "GPIO_1[16]" has no driver
    Warning (13040): Bidir "GPIO_1[17]" has no driver
    Warning (13040): Bidir "GPIO_1[18]" has no driver
    Warning (13040): Bidir "GPIO_1[19]" has no driver
    Warning (13040): Bidir "GPIO_1[20]" has no driver
    Warning (13040): Bidir "GPIO_1[21]" has no driver
    Warning (13040): Bidir "GPIO_1[22]" has no driver
    Warning (13040): Bidir "GPIO_1[23]" has no driver
    Warning (13040): Bidir "GPIO_1[24]" has no driver
    Warning (13040): Bidir "GPIO_1[25]" has no driver
    Warning (13040): Bidir "GPIO_1[26]" has no driver
    Warning (13040): Bidir "GPIO_1[27]" has no driver
    Warning (13040): Bidir "GPIO_1[28]" has no driver
    Warning (13040): Bidir "GPIO_1[29]" has no driver
    Warning (13040): Bidir "GPIO_1[30]" has no driver
    Warning (13040): Bidir "GPIO_1[31]" has no driver
    Warning (13040): Bidir "GPIO_1[32]" has no driver
    Warning (13040): Bidir "GPIO_1[33]" has no driver
    Warning (13040): Bidir "GPIO_1[34]" has no driver
    Warning (13040): Bidir "GPIO_1[35]" has no driver
Warning (13024): Output pins are stuck at VCC or GND
    Warning (13410): Pin "HEX0[0]" is stuck at GND
    Warning (13410): Pin "HEX0[1]" is stuck at GND
    Warning (13410): Pin "HEX0[2]" is stuck at GND
    Warning (13410): Pin "HEX0[3]" is stuck at GND
    Warning (13410): Pin "HEX0[4]" is stuck at GND
    Warning (13410): Pin "HEX0[5]" is stuck at GND
    Warning (13410): Pin "HEX0[6]" is stuck at GND
    Warning (13410): Pin "HEX1[0]" is stuck at GND
    Warning (13410): Pin "HEX1[1]" is stuck at GND
    Warning (13410): Pin "HEX1[2]" is stuck at GND
    Warning (13410): Pin "HEX1[3]" is stuck at GND
    Warning (13410): Pin "HEX1[4]" is stuck at GND
    Warning (13410): Pin "HEX1[5]" is stuck at GND
    Warning (13410): Pin "HEX1[6]" is stuck at GND
    Warning (13410): Pin "HEX2[0]" is stuck at GND
    Warning (13410): Pin "HEX2[1]" is stuck at GND
    Warning (13410): Pin "HEX2[2]" is stuck at GND
    Warning (13410): Pin "HEX2[3]" is stuck at GND
    Warning (13410): Pin "HEX2[4]" is stuck at GND
    Warning (13410): Pin "HEX2[5]" is stuck at GND
    Warning (13410): Pin "HEX2[6]" is stuck at GND
    Warning (13410): Pin "HEX3[0]" is stuck at GND
    Warning (13410): Pin "HEX3[1]" is stuck at GND
    Warning (13410): Pin "HEX3[2]" is stuck at GND
    Warning (13410): Pin "HEX3[3]" is stuck at GND
    Warning (13410): Pin "HEX3[4]" is stuck at GND
    Warning (13410): Pin "HEX3[5]" is stuck at GND
    Warning (13410): Pin "HEX3[6]" is stuck at GND
    Warning (13410): Pin "HEX4[0]" is stuck at GND
    Warning (13410): Pin "HEX4[1]" is stuck at GND
    Warning (13410): Pin "HEX4[2]" is stuck at GND
    Warning (13410): Pin "HEX4[3]" is stuck at GND
    Warning (13410): Pin "HEX4[4]" is stuck at GND
    Warning (13410): Pin "HEX4[5]" is stuck at GND
    Warning (13410): Pin "HEX4[6]" is stuck at GND
    Warning (13410): Pin "HEX5[0]" is stuck at GND
    Warning (13410): Pin "HEX5[1]" is stuck at GND
    Warning (13410): Pin "HEX5[2]" is stuck at GND
    Warning (13410): Pin "HEX5[3]" is stuck at GND
    Warning (13410): Pin "HEX5[4]" is stuck at GND
    Warning (13410): Pin "HEX5[5]" is stuck at GND
    Warning (13410): Pin "HEX5[6]" is stuck at GND
    Warning (13410): Pin "HEX6[0]" is stuck at GND
    Warning (13410): Pin "HEX6[1]" is stuck at GND
    Warning (13410): Pin "HEX6[2]" is stuck at GND
    Warning (13410): Pin "HEX6[3]" is stuck at GND
    Warning (13410): Pin "HEX6[4]" is stuck at GND
    Warning (13410): Pin "HEX6[5]" is stuck at GND
    Warning (13410): Pin "HEX6[6]" is stuck at GND
    Warning (13410): Pin "HEX7[0]" is stuck at GND
    Warning (13410): Pin "HEX7[1]" is stuck at GND
    Warning (13410): Pin "HEX7[2]" is stuck at GND
    Warning (13410): Pin "HEX7[3]" is stuck at GND
    Warning (13410): Pin "HEX7[4]" is stuck at GND
    Warning (13410): Pin "HEX7[5]" is stuck at GND
    Warning (13410): Pin "HEX7[6]" is stuck at GND
    Warning (13410): Pin "LEDG[0]" is stuck at GND
    Warning (13410): Pin "LEDG[1]" is stuck at GND
    Warning (13410): Pin "LEDG[2]" is stuck at GND
    Warning (13410): Pin "LEDG[3]" is stuck at GND
    Warning (13410): Pin "LEDG[4]" is stuck at GND
    Warning (13410): Pin "LEDG[5]" is stuck at GND
    Warning (13410): Pin "LEDG[6]" is stuck at GND
    Warning (13410): Pin "LEDG[7]" is stuck at GND
    Warning (13410): Pin "LEDG[8]" is stuck at GND
    Warning (13410): Pin "LEDR[0]" is stuck at GND
    Warning (13410): Pin "LEDR[1]" is stuck at GND
    Warning (13410): Pin "LEDR[2]" is stuck at GND
    Warning (13410): Pin "LEDR[3]" is stuck at GND
    Warning (13410): Pin "LEDR[4]" is stuck at GND
    Warning (13410): Pin "LEDR[5]" is stuck at GND
    Warning (13410): Pin "LEDR[6]" is stuck at GND
    Warning (13410): Pin "LEDR[7]" is stuck at GND
    Warning (13410): Pin "LEDR[8]" is stuck at GND
    Warning (13410): Pin "LEDR[9]" is stuck at GND
    Warning (13410): Pin "LEDR[10]" is stuck at GND
    Warning (13410): Pin "LEDR[11]" is stuck at GND
    Warning (13410): Pin "LEDR[12]" is stuck at GND
    Warning (13410): Pin "LEDR[13]" is stuck at GND
    Warning (13410): Pin "LEDR[14]" is stuck at GND
    Warning (13410): Pin "LEDR[15]" is stuck at GND
    Warning (13410): Pin "LEDR[16]" is stuck at GND
    Warning (13410): Pin "LEDR[17]" is stuck at GND
    Warning (13410): Pin "LCD_ON" is stuck at GND
    Warning (13410): Pin "LCD_BLON" is stuck at GND
    Warning (13410): Pin "LCD_RW" is stuck at GND
    Warning (13410): Pin "LCD_EN" is stuck at GND
    Warning (13410): Pin "LCD_RS" is stuck at GND
    Warning (13410): Pin "TD_RESET" is stuck at GND
    Warning (13410): Pin "VGA_CLK" is stuck at GND
    Warning (13410): Pin "VGA_BLANK" is stuck at GND
    Warning (13410): Pin "VGA_SYNC" is stuck at GND
    Warning (13410): Pin "VGA_R[1]" is stuck at GND
    Warning (13410): Pin "VGA_R[2]" is stuck at GND
    Warning (13410): Pin "VGA_R[3]" is stuck at GND
    Warning (13410): Pin "VGA_R[4]" is stuck at GND
    Warning (13410): Pin "VGA_R[5]" is stuck at GND
    Warning (13410): Pin "VGA_R[6]" is stuck at GND
    Warning (13410): Pin "VGA_R[7]" is stuck at GND
    Warning (13410): Pin "VGA_R[8]" is stuck at GND
    Warning (13410): Pin "VGA_R[9]" is stuck at GND
    Warning (13410): Pin "VGA_G[1]" is stuck at GND
    Warning (13410): Pin "VGA_G[2]" is stuck at GND
    Warning (13410): Pin "VGA_G[3]" is stuck at GND
    Warning (13410): Pin "VGA_G[4]" is stuck at GND
    Warning (13410): Pin "VGA_G[5]" is stuck at GND
    Warning (13410): Pin "VGA_G[6]" is stuck at GND
    Warning (13410): Pin "VGA_G[7]" is stuck at GND
    Warning (13410): Pin "VGA_G[8]" is stuck at GND
    Warning (13410): Pin "VGA_G[9]" is stuck at GND
    Warning (13410): Pin "VGA_B[1]" is stuck at GND
    Warning (13410): Pin "VGA_B[2]" is stuck at GND
    Warning (13410): Pin "VGA_B[3]" is stuck at GND
    Warning (13410): Pin "VGA_B[4]" is stuck at GND
    Warning (13410): Pin "VGA_B[5]" is stuck at GND
    Warning (13410): Pin "VGA_B[6]" is stuck at GND
    Warning (13410): Pin "VGA_B[7]" is stuck at GND
    Warning (13410): Pin "VGA_B[8]" is stuck at GND
    Warning (13410): Pin "VGA_B[9]" is stuck at GND
Info (144001): Generated suppressed messages file C:/Yanqi/University/3rd Year/Fall/CSC258/Quartus II Projects/Project/output_files/Pong.map.smsg
Info (16010): Generating hard_block partition "hard_block:auto_generated_inst"
    Info (16011): Adding 0 node(s), including 0 DDIO, 0 PLL, 0 transceiver and 0 LCELL
Warning (21074): Design contains 23 input pin(s) that do not drive logic
    Warning (15610): No output dependent on input pin "CLOCK_27"
    Warning (15610): No output dependent on input pin "KEY[0]"
    Warning (15610): No output dependent on input pin "KEY[1]"
    Warning (15610): No output dependent on input pin "KEY[2]"
    Warning (15610): No output dependent on input pin "KEY[3]"
    Warning (15610): No output dependent on input pin "SW[2]"
    Warning (15610): No output dependent on input pin "SW[3]"
    Warning (15610): No output dependent on input pin "SW[4]"
    Warning (15610): No output dependent on input pin "SW[5]"
    Warning (15610): No output dependent on input pin "SW[6]"
    Warning (15610): No output dependent on input pin "SW[7]"
    Warning (15610): No output dependent on input pin "SW[8]"
    Warning (15610): No output dependent on input pin "SW[9]"
    Warning (15610): No output dependent on input pin "SW[10]"
    Warning (15610): No output dependent on input pin "SW[11]"
    Warning (15610): No output dependent on input pin "SW[12]"
    Warning (15610): No output dependent on input pin "SW[13]"
    Warning (15610): No output dependent on input pin "SW[14]"
    Warning (15610): No output dependent on input pin "SW[15]"
    Warning (15610): No output dependent on input pin "SW[16]"
    Warning (15610): No output dependent on input pin "SW[17]"
    Warning (15610): No output dependent on input pin "PS2_DAT"
    Warning (15610): No output dependent on input pin "PS2_CLK"
Info (21057): Implemented 429 device resources after synthesis - the final resource count might be different
    Info (21058): Implemented 26 input pins
    Info (21059): Implemented 124 output pins
    Info (21060): Implemented 80 bidirectional pins
    Info (21061): Implemented 199 logic cells
Info: Quartus II 64-Bit Analysis & Synthesis was successful. 0 errors, 252 warnings
    Info: Peak virtual memory: 448 megabytes
    Info: Processing ended: Thu Nov 13 13:44:12 2014
    Info: Elapsed time: 00:00:05
    Info: Total CPU time (on all processors): 00:00:04


+------------------------------------------+
; Analysis & Synthesis Suppressed Messages ;
+------------------------------------------+
The suppressed messages can be found in C:/Yanqi/University/3rd Year/Fall/CSC258/Quartus II Projects/Project/output_files/Pong.map.smsg.


